proguard/seeds.txt
com.bestjoy.app.haierwarrantycard.MyApplication
com.bestjoy.app.haierwarrantycard.MyApplication: MyApplication()
com.bestjoy.app.haierwarrantycard.database.BjnoteProvider
com.bestjoy.app.haierwarrantycard.database.BjnoteProvider: BjnoteProvider()
com.bestjoy.app.haierwarrantycard.database.DeviceProvider
com.bestjoy.app.haierwarrantycard.database.DeviceProvider: DeviceProvider()
com.bestjoy.app.haierwarrantycard.qrcode.HistoryActivity
com.bestjoy.app.haierwarrantycard.qrcode.HistoryActivity: HistoryActivity()
com.bestjoy.app.haierwarrantycard.qrcode.ViewfinderView
com.bestjoy.app.haierwarrantycard.qrcode.ViewfinderView: ViewfinderView(android.content.Context,android.util.AttributeSet)
com.bestjoy.app.haierwarrantycard.service.EmptyService
com.bestjoy.app.haierwarrantycard.service.EmptyService: EmptyService()
com.bestjoy.app.haierwarrantycard.service.PhotoManagerService
com.bestjoy.app.haierwarrantycard.service.PhotoManagerService: PhotoManagerService()
com.bestjoy.app.haierwarrantycard.service.PhotoManagerUtilsV2$TaskType: com.bestjoy.app.haierwarrantycard.service.PhotoManagerUtilsV2$TaskType[] values()
com.bestjoy.app.haierwarrantycard.service.PhotoManagerUtilsV2$TaskType: com.bestjoy.app.haierwarrantycard.service.PhotoManagerUtilsV2$TaskType valueOf(java.lang.String)
com.bestjoy.app.haierwarrantycard.ui.BaseActionbarActivity
com.bestjoy.app.haierwarrantycard.ui.BaseActionbarActivity: BaseActionbarActivity()
com.bestjoy.app.haierwarrantycard.ui.BaseSlidingFragmentActivity
com.bestjoy.app.haierwarrantycard.ui.BaseSlidingFragmentActivity: BaseSlidingFragmentActivity()
com.bestjoy.app.haierwarrantycard.ui.BrowserActivity
com.bestjoy.app.haierwarrantycard.ui.BrowserActivity: BrowserActivity()
com.bestjoy.app.haierwarrantycard.ui.CaptureActivity
com.bestjoy.app.haierwarrantycard.ui.CaptureActivity: CaptureActivity()
com.bestjoy.app.haierwarrantycard.ui.CaptureActivityHandler$State: com.bestjoy.app.haierwarrantycard.ui.CaptureActivityHandler$State[] values()
com.bestjoy.app.haierwarrantycard.ui.CaptureActivityHandler$State: com.bestjoy.app.haierwarrantycard.ui.CaptureActivityHandler$State valueOf(java.lang.String)
com.bestjoy.app.haierwarrantycard.ui.CardViewActivity
com.bestjoy.app.haierwarrantycard.ui.CardViewActivity: CardViewActivity()
com.bestjoy.app.haierwarrantycard.ui.ChooseAddressActivity
com.bestjoy.app.haierwarrantycard.ui.ChooseAddressActivity: ChooseAddressActivity()
com.bestjoy.app.haierwarrantycard.ui.HomeManagerActivity
com.bestjoy.app.haierwarrantycard.ui.HomeManagerActivity: HomeManagerActivity()
com.bestjoy.app.haierwarrantycard.ui.InstallActivity
com.bestjoy.app.haierwarrantycard.ui.InstallActivity: InstallActivity()
com.bestjoy.app.haierwarrantycard.ui.JumpActivity
com.bestjoy.app.haierwarrantycard.ui.JumpActivity: JumpActivity()
com.bestjoy.app.haierwarrantycard.ui.LoginActivity
com.bestjoy.app.haierwarrantycard.ui.LoginActivity: LoginActivity()
com.bestjoy.app.haierwarrantycard.ui.LoginConfirmAddressActivity
com.bestjoy.app.haierwarrantycard.ui.LoginConfirmAddressActivity: LoginConfirmAddressActivity()
com.bestjoy.app.haierwarrantycard.ui.LoginOrUpdateAccountDialog
com.bestjoy.app.haierwarrantycard.ui.LoginOrUpdateAccountDialog: LoginOrUpdateAccountDialog()
com.bestjoy.app.haierwarrantycard.ui.MainActivity
com.bestjoy.app.haierwarrantycard.ui.MainActivity: MainActivity()
com.bestjoy.app.haierwarrantycard.ui.MyChooseDevicesActivity
com.bestjoy.app.haierwarrantycard.ui.MyChooseDevicesActivity: MyChooseDevicesActivity()
com.bestjoy.app.haierwarrantycard.ui.NewCardActivity
com.bestjoy.app.haierwarrantycard.ui.NewCardActivity: NewCardActivity()
com.bestjoy.app.haierwarrantycard.ui.NewHomeActivity
com.bestjoy.app.haierwarrantycard.ui.NewHomeActivity: NewHomeActivity()
com.bestjoy.app.haierwarrantycard.ui.NoParentStateImageView
com.bestjoy.app.haierwarrantycard.ui.NoParentStateImageView: NoParentStateImageView(android.content.Context,android.util.AttributeSet)
com.bestjoy.app.haierwarrantycard.ui.PreferencesActivity
...
android.support.v4.widget.DrawerLayout$SavedState
android.support.v4.widget.DrawerLayout$SavedState: android.os.Parcelable$Creator CREATOR
android.support.v4.widget.SlidingPaneLayout
android.support.v4.widget.SlidingPaneLayout: SlidingPaneLayout(android.content.Context,android.util.AttributeSet)
android.support.v4.widget.SlidingPaneLayout: SlidingPaneLayout(android.content.Context,android.util.AttributeSet,int)
android.support.v4.widget.SlidingPaneLayout$LayoutParams
android.support.v4.widget.SlidingPaneLayout$LayoutParams: SlidingPaneLayout$LayoutParams(android.content.Context,android.util.AttributeSet)
android.support.v4.widget.SlidingPaneLayout$SavedState
android.support.v4.widget.SlidingPaneLayout$SavedState: android.os.Parcelable$Creator CREATOR
com.actionbarsherlock.app.ActionBar$LayoutParams
com.actionbarsherlock.app.ActionBar$LayoutParams: ActionBar$LayoutParams(android.content.Context,android.util.AttributeSet)
com.actionbarsherlock.app.SherlockActivity
com.actionbarsherlock.app.SherlockExpandableListActivity
com.actionbarsherlock.app.SherlockFragmentActivity
com.actionbarsherlock.app.SherlockFragmentActivity: SherlockFragmentActivity()
com.actionbarsherlock.app.SherlockListActivity
com.actionbarsherlock.app.SherlockPreferenceActivity
com.actionbarsherlock.app.SherlockPreferenceActivity: SherlockPreferenceActivity()
com.actionbarsherlock.internal.nineoldandroids.view.NineViewGroup
com.actionbarsherlock.internal.nineoldandroids.view.NineViewGroup: NineViewGroup(android.content.Context)
com.actionbarsherlock.internal.nineoldandroids.view.NineViewGroup: NineViewGroup(android.content.Context,android.util.AttributeSet)
com.actionbarsherlock.internal.nineoldandroids.view.NineViewGroup: NineViewGroup(android.content.Context,android.util.AttributeSet,int)
com.actionbarsherlock.internal.nineoldandroids.widget.NineFrameLayout
com.actionbarsherlock.internal.nineoldandroids.widget.NineFrameLayout: NineFrameLayout(android.content.Context,android.util.AttributeSet)
com.actionbarsherlock.internal.nineoldandroids.widget.NineLinearLayout
com.actionbarsherlock.internal.nineoldandroids.widget.NineLinearLayout: NineLinearLayout(android.content.Context,android.util.AttributeSet)
com.actionbarsherlock.internal.view.menu.ActionMenuItemView
com.actionbarsherlock.internal.view.menu.ActionMenuItemView: ActionMenuItemView(android.content.Context)
com.actionbarsherlock.internal.view.menu.ActionMenuItemView: ActionMenuItemView(android.content.Context,android.util.AttributeSet)
com.actionbarsherlock.internal.view.menu.ActionMenuItemView: ActionMenuItemView(android.content.Context,android.util.AttributeSet,int)
com.actionbarsherlock.internal.view.menu.ActionMenuPresenter$SavedState
com.actionbarsherlock.internal.view.menu.ActionMenuPresenter$SavedState: android.os.Parcelable$Creator CREATOR
com.actionbarsherlock.internal.view.menu.ActionMenuView
com.actionbarsherlock.internal.view.menu.ActionMenuView: ActionMenuView(android.content.Context)
com.actionbarsherlock.internal.view.menu.ActionMenuView: ActionMenuView(android.content.Context,android.util.AttributeSet)
com.actionbarsherlock.internal.view.menu.ActionMenuView$LayoutParams
com.actionbarsherlock.internal.view.menu.ActionMenuView$LayoutParams: ActionMenuView$LayoutParams(android.content.Context,android.util.AttributeSet)
com.actionbarsherlock.internal.view.menu.ListMenuItemView
com.actionbarsherlock.internal.view.menu.ListMenuItemView: ListMenuItemView(android.content.Context,android.util.AttributeSet,int)
com.actionbarsherlock.internal.view.menu.ListMenuItemView: ListMenuItemView(android.content.Context,android.util.AttributeSet)