proguard/mapping.txt
com.bestjoy.app.haierwarrantycard.HaierServiceObject -> com.bestjoy.app.haierwarrantycard.a:
    java.lang.String mHaierPinpaiName -> a
    void setContext(android.content.Context) -> a
    boolean isHaierPinpai(java.lang.String) -> a
com.bestjoy.app.haierwarrantycard.HaierServiceObject$HaierResultObject -> com.bestjoy.app.haierwarrantycard.b:
    int mStatusCode -> a
    java.lang.String mStatusMessage -> b
    org.json.JSONObject mJsonData -> c
    java.lang.String mStrData -> d
    com.bestjoy.app.haierwarrantycard.HaierServiceObject$HaierResultObject parse(java.lang.String) -> a
    boolean isOpSuccessfully() -> a
com.bestjoy.app.haierwarrantycard.MyApplication -> com.bestjoy.app.haierwarrantycard.MyApplication:
    android.os.Handler mHandler -> b
    com.bestjoy.app.haierwarrantycard.MyApplication mInstance -> c
    android.content.SharedPreferences mPreferManager -> a
    com.shwy.bestjoy.utils.SecurityUtils$SecurityKeyValuesObject mSecurityKeyValuesObject -> d
    void onCreate() -> onCreate
    com.bestjoy.app.haierwarrantycard.MyApplication getInstance() -> a
    java.io.File getProductPreviewAvatorFile(java.lang.String) -> a
    java.io.File getProductFaPiaoFile(java.lang.String) -> b
    java.io.File getProductSubDir(java.lang.String) -> f
    void onTerminate() -> onTerminate
    boolean hasExternalStorage() -> b
    void showMessageAsync(int) -> a
    void showMessageAsync(java.lang.String) -> c
    void showMessage(int) -> b
    void showMessage(java.lang.String) -> d
    void showMessage$255f295() -> c
    void postAsync(java.lang.Runnable) -> a
    void postDelay$574944f(java.lang.Runnable) -> b
    com.shwy.bestjoy.utils.SecurityUtils$SecurityKeyValuesObject getSecurityKeyValuesObject() -> d
    java.io.File buildLocalDownloadAppFile(int) -> c
    java.io.File getExternalStorageRoot(java.lang.String) -> e
    com.bestjoy.app.haierwarrantycard.MyApplication access$0() -> e
com.bestjoy.app.haierwarrantycard.MyApplication$1 -> com.bestjoy.app.haierwarrantycard.c:
    com.bestjoy.app.haierwarrantycard.MyApplication this$0 -> a
    int val$resId -> b
    void run() -> run
com.bestjoy.app.haierwarrantycard.MyApplication$2 -> com.bestjoy.app.haierwarrantycard.d:
    com.bestjoy.app.haierwarrantycard.MyApplication this$0 -> a
    java.lang.String val$msg -> b
    void run() -> run
com.bestjoy.app.haierwarrantycard.R -> com.bestjoy.app.haierwarrantycard.e:
com.bestjoy.app.haierwarrantycard.R$styleable -> com.bestjoy.app.haierwarrantycard.f:
    int[] AddressCompleteEditText -> a
    int[] SherlockActionBar -> b
    int[] SherlockActionMenuItemView -> c
    int[] SherlockActionMode -> d
    int[] SherlockActivityChooserView -> e
    int[] SherlockMenuGroup -> f
    int[] SherlockMenuItem -> g
    int[] SherlockMenuView -> h
    int[] SherlockSearchView -> i
    int[] SherlockSpinner -> j
    int[] SherlockTheme -> k
    int[] SherlockView -> l
    int[] SlidingMenu -> m
com.bestjoy.app.haierwarrantycard.account.AccountObject -> com.bestjoy.app.haierwarrantycard.a.a:
    java.lang.String[] PROJECTION -> j
    java.lang.String[] PROJECTION_UID -> k
    long mAccountId -> a
    long mAccountUid -> b
    java.lang.String mAccountName -> c
    java.lang.String mAccountTel -> d
    java.lang.String mAccountPwd -> e
    int mAccountHomeCount -> f
    int mStatusCode -> g
    java.lang.String mStatusMessage -> h
    java.util.List mAccountHomes -> i
    boolean isLogined() -> a
    int deleteAccount(android.content.ContentResolver,long) -> a
    com.bestjoy.app.haierwarrantycard.account.AccountObject getHaierAccountFromDatabase(android.content.Context) -> a
    boolean saveInDatebase$dd78f5d(android.content.ContentResolver) -> a
    java.lang.Object clone() -> clone
...
com.actionbarsherlock.internal.widget.ActionBarView$ExpandedActionViewMenuPresenter -> com.actionbarsherlock.internal.widget.f:
    com.actionbarsherlock.internal.view.menu.MenuBuilder mMenu -> a
    com.actionbarsherlock.internal.view.menu.MenuItemImpl mCurrentExpandedItem -> b
    com.actionbarsherlock.internal.widget.ActionBarView this$0 -> c
    void initForMenu(android.content.Context,com.actionbarsherlock.internal.view.menu.MenuBuilder) -> a
    void updateMenuView(boolean) -> b
    boolean onSubMenuSelected(com.actionbarsherlock.internal.view.menu.SubMenuBuilder) -> a
    void onCloseMenu(com.actionbarsherlock.internal.view.menu.MenuBuilder,boolean) -> a
    boolean flagActionItems() -> i
    boolean expandItemActionView$2d5bb53f(com.actionbarsherlock.internal.view.menu.MenuItemImpl) -> b
    boolean collapseItemActionView$2d5bb53f(com.actionbarsherlock.internal.view.menu.MenuItemImpl) -> c
com.actionbarsherlock.internal.widget.ActionBarView$HomeView -> com.actionbarsherlock.internal.widget.ActionBarView$HomeView:
    android.view.View mUpView -> a
    android.widget.ImageView mIconView -> b
    int mUpWidth -> c
    void setUp(boolean) -> a
    void setIcon(android.graphics.drawable.Drawable) -> a
    boolean dispatchPopulateAccessibilityEvent(android.view.accessibility.AccessibilityEvent) -> dispatchPopulateAccessibilityEvent
    void onPopulateAccessibilityEvent(android.view.accessibility.AccessibilityEvent) -> onPopulateAccessibilityEvent
    boolean dispatchHoverEvent(android.view.MotionEvent) -> dispatchHoverEvent
    void onFinishInflate() -> onFinishInflate
    int getLeftOffset() -> a
    void onMeasure(int,int) -> onMeasure
    void onLayout(boolean,int,int,int,int) -> onLayout
com.actionbarsherlock.internal.widget.ActionBarView$SavedState -> com.actionbarsherlock.internal.widget.ActionBarView$SavedState:
    int expandedMenuItemId -> a
    boolean isOverflowOpen -> b
    android.os.Parcelable$Creator CREATOR -> CREATOR
    void writeToParcel(android.os.Parcel,int) -> writeToParcel
com.actionbarsherlock.internal.widget.ActionBarView$SavedState$1 -> com.actionbarsherlock.internal.widget.g:
    java.lang.Object createFromParcel(android.os.Parcel) -> createFromParcel
    java.lang.Object[] newArray(int) -> newArray
com.actionbarsherlock.internal.widget.CapitalizingButton -> com.actionbarsherlock.internal.widget.CapitalizingButton:
    boolean SANS_ICE_CREAM -> a
    boolean IS_GINGERBREAD -> b
    int[] R_styleable_Button -> c
    int[] R_styleable_TextAppearance -> d
    boolean mAllCaps -> e
    void setTextCompat(java.lang.CharSequence) -> a
com.actionbarsherlock.internal.widget.CapitalizingTextView -> com.actionbarsherlock.internal.widget.CapitalizingTextView:
    boolean SANS_ICE_CREAM -> a
    boolean IS_GINGERBREAD -> b
    int[] R_styleable_TextView -> c
    boolean mAllCaps -> d
    void setTextCompat(java.lang.CharSequence) -> a
com.actionbarsherlock.internal.widget.CollapsibleActionViewWrapper -> com.actionbarsherlock.internal.widget.h:
    com.actionbarsherlock.view.CollapsibleActionView child -> a
    void onActionViewExpanded() -> onActionViewExpanded
    void onActionViewCollapsed() -> onActionViewCollapsed
    android.view.View unwrap() -> a