proguard/usage.txt
com.bestjoy.app.haierwarrantycard.BuildConfig
com.bestjoy.app.haierwarrantycard.HaierServiceObject:
    public static final java.lang.String SERVICE_URL
    public static final java.lang.String PRODUCT_AVATOR_URL
    public static final java.lang.String FAPIAO_PREFIX
    public static final java.lang.String CARD_DELETE_URL
    public static final java.lang.String HOME_DELETE_URL
    public static final java.lang.String BX_PHONE
    12:12:public HaierServiceObject()
com.bestjoy.app.haierwarrantycard.MyApplication:
    private static final java.lang.String TAG
    84:84:public java.io.File getCachedContactFile(java.lang.String)
    96:101:public java.io.File getAccountsRoot()
    105:110:public java.io.File getAccountDir(java.lang.String)
    170:177:public void showMessageAsync(int,int)
    180:187:public void showMessageAsync(java.lang.String,int)
    190:197:public void showShortMessageAsync(int,int)
    207:208:public void showMessage(java.lang.String,int)
    215:216:public void showShortMessage(int)
    227:228:public void showUnsupportMessage()
    240:241:public void setSecurityKeyValuesObject(com.shwy.bestjoy.utils.SecurityUtils$SecurityKeyValuesObject)
com.bestjoy.app.haierwarrantycard.MyApplication$3
com.bestjoy.app.haierwarrantycard.MyApplication$4
com.bestjoy.app.haierwarrantycard.MyApplication$5
com.bestjoy.app.haierwarrantycard.R:
    10:10:public R()
com.bestjoy.app.haierwarrantycard.R$anim
com.bestjoy.app.haierwarrantycard.R$array
com.bestjoy.app.haierwarrantycard.R$attr
com.bestjoy.app.haierwarrantycard.R$bool
com.bestjoy.app.haierwarrantycard.R$color
com.bestjoy.app.haierwarrantycard.R$dimen
com.bestjoy.app.haierwarrantycard.R$drawable
com.bestjoy.app.haierwarrantycard.R$id
com.bestjoy.app.haierwarrantycard.R$integer
com.bestjoy.app.haierwarrantycard.R$layout
com.bestjoy.app.haierwarrantycard.R$menu
com.bestjoy.app.haierwarrantycard.R$raw
com.bestjoy.app.haierwarrantycard.R$string
com.bestjoy.app.haierwarrantycard.R$style
com.bestjoy.app.haierwarrantycard.R$styleable:
    public static final int AddressCompleteEditText_completionThreshold
    public static final int AddressCompleteEditText_popView
    public static final int SherlockActionBar_background
    public static final int SherlockActionBar_backgroundSplit
    public static final int SherlockActionBar_backgroundStacked
    public static final int SherlockActionBar_customNavigationLayout
    public static final int SherlockActionBar_displayOptions
    public static final int SherlockActionBar_divider
    public static final int SherlockActionBar_height
    public static final int SherlockActionBar_homeLayout
    public static final int SherlockActionBar_icon
    public static final int SherlockActionBar_indeterminateProgressStyle
    public static final int SherlockActionBar_itemPadding
    public static final int SherlockActionBar_logo
    public static final int SherlockActionBar_navigationMode
    public static final int SherlockActionBar_progressBarPadding
    public static final int SherlockActionBar_progressBarStyle
    public static final int SherlockActionBar_subtitle
    public static final int SherlockActionBar_subtitleTextStyle
    public static final int SherlockActionBar_title
    public static final int SherlockActionBar_titleTextStyle
    public static final int SherlockActionMenuItemView_android_minWidth
    public static final int SherlockActionMode_background
com.bestjoy.app.haierwarrantycard.R$xml
com.bestjoy.app.haierwarrantycard.account.AccountObject:
    private static final java.lang.String TAG
    private static final int KEY_ID
    private static final int KEY_MD
    private static final int KEY_NAME
    private static final int KEY_TEL
    private static final int KEY_PWD
    private static final int KEY_HOME_COUNT
    private static final java.lang.String WHERE_DEFAULT
    private static final java.lang.String WHERE_UID
...
android.support.v4.view.ViewGroupCompatIcs
android.support.v4.view.ViewGroupCompatJellybeanMR2
android.support.v4.view.ViewPager:
    private static final java.lang.String TAG
    private static final boolean DEBUG
    private static final boolean USE_CACHE
    private static final int DEFAULT_OFFSCREEN_PAGES
    private static final int MAX_SETTLE_DURATION
    private static final int MIN_DISTANCE_FOR_FLING
    private static final int DEFAULT_GUTTER_SIZE
    private static final int MIN_FLING_VELOCITY
    private boolean mIgnoreGutter
    private static final int INVALID_POINTER
    private static final int CLOSE_ENOUGH
    private long mFakeDragBeginTime
    private java.lang.reflect.Method mSetChildrenDrawingOrderEnabled
    private static final int DRAW_ORDER_DEFAULT
    private static final int DRAW_ORDER_FORWARD
    private static final int DRAW_ORDER_REVERSE
    public static final int SCROLL_STATE_IDLE
    public static final int SCROLL_STATE_DRAGGING
    public static final int SCROLL_STATE_SETTLING
    608:620:public void setPageTransformer(boolean,android.support.v4.view.ViewPager$PageTransformer)
    623:638:void setChildrenDrawingOrderEnabledCompat(boolean)
    667:667:public int getOffscreenPageLimit()
    688:697:public void setOffscreenPageLimit(int)
    708:715:public void setPageMargin(int)
    723:723:public int getPageMargin()
    732:736:public void setPageMarginDrawable(android.graphics.drawable.Drawable)
    744:745:public void setPageMarginDrawable(int)
    778:779:void smoothScrollTo(int,int)
    2273:2289:public boolean beginFakeDrag()
android.support.v4.view.ViewPager$SimpleOnPageChangeListener
android.support.v4.view.ViewParentCompat
android.support.v4.view.ViewParentCompat$ViewParentCompatICSImpl
android.support.v4.view.ViewParentCompat$ViewParentCompatImpl
android.support.v4.view.ViewParentCompat$ViewParentCompatStubImpl
android.support.v4.view.ViewParentCompatICS
android.support.v4.view.WindowCompat
android.support.v4.view.accessibility.AccessibilityEventCompat
android.support.v4.view.accessibility.AccessibilityEventCompat$AccessibilityEventIcsImpl
android.support.v4.view.accessibility.AccessibilityEventCompat$AccessibilityEventStubImpl
android.support.v4.view.accessibility.AccessibilityEventCompat$AccessibilityEventVersionImpl
android.support.v4.view.accessibility.AccessibilityEventCompatIcs
android.support.v4.view.accessibility.AccessibilityManagerCompat
android.support.v4.view.accessibility.AccessibilityManagerCompat$AccessibilityManagerIcsImpl
android.support.v4.view.accessibility.AccessibilityManagerCompat$AccessibilityManagerIcsImpl$1
android.support.v4.view.accessibility.AccessibilityManagerCompat$AccessibilityManagerStubImpl
android.support.v4.view.accessibility.AccessibilityManagerCompat$AccessibilityManagerVersionImpl
android.support.v4.view.accessibility.AccessibilityManagerCompat$AccessibilityStateChangeListenerCompat
android.support.v4.view.accessibility.AccessibilityManagerCompatIcs
android.support.v4.view.accessibility.AccessibilityManagerCompatIcs$1
android.support.v4.view.accessibility.AccessibilityManagerCompatIcs$AccessibilityStateChangeListenerBridge